"../../../Engine/Content/EditorResources/S_Actor.uasset" 0
"../../../Engine/Content/EngineResources/AICON-Red.uasset" 1
"../../../Engine/Content/EngineResources/AICON-Green.uasset" 2
"../../../Engine/Content/EngineFonts/Roboto.uasset" 3
"../../../Engine/Content/Functions/Engine_MaterialFunctions01/Shading/PowerToRoughness.uasset" 4
"../../../Engine/Content/Functions/Engine_MaterialFunctions01/Shading/ConvertFromDiffSpec.uasset" 5
"../../../Engine/Content/EngineMaterials/DefaultDiffuse.uasset" 6
"../../../Engine/Content/EngineMaterials/DefaultDeferredDecalMaterial.uasset" 7
"../../../Engine/Content/EngineMaterials/DefaultLightFunctionMaterial.uasset" 8
"../../../Engine/Content/Functions/Engine_MaterialFunctions02/Utility/BreakOutFloat2Components.uasset" 9
"../../../Engine/Content/EngineMaterials/DefaultPostProcessMaterial.uasset" 10
"../../../Engine/Content/EngineResources/DefaultTexture.uasset" 11
"../../../Engine/Content/Functions/Engine_MaterialFunctions01/Texturing/ScaleUVsByCenter.uasset" 12
"../../../Engine/Content/Functions/Engine_MaterialFunctions02/ScreenResolution.uasset" 13
"../../../Engine/Content/Functions/Engine_MaterialFunctions02/Texturing/ScreenAlignedUVs.uasset" 14
"../../../Engine/Content/EngineResources/WhiteSquareTexture.uasset" 15
"../../../Engine/Content/EngineMaterials/Widget3DPassThrough.uasset" 16
"../../../Engine/Content/EngineMaterials/Widget3DPassThrough_Translucent.uasset" 17
"../../../Engine/Content/EngineMaterials/Widget3DPassThrough_Translucent_OneSided.uasset" 18
"../../../Engine/Content/EngineMaterials/Widget3DPassThrough_Opaque.uasset" 19
"../../../Engine/Content/EngineMaterials/Widget3DPassThrough_Opaque_OneSided.uasset" 20
"../../../Engine/Content/EngineMaterials/Widget3DPassThrough_Masked.uasset" 21
"../../../Engine/Content/EngineMaterials/Widget3DPassThrough_Masked_OneSided.uasset" 22
"../../../Engine/Content/Maps/Templates/Thumbnails/Default.uasset" 23
"../../../Engine/Content/Maps/Templates/Thumbnails/VR-Basic.uasset" 24
"../../../Engine/Content/EditorMaterials/ParticleSystems/PSysThumbnail_NoImage.uasset" 25
"../../../Engine/Content/EditorMaterials/ParticleSystems/PSysThumbnail_OOD.uasset" 26
"../../../Engine/Content/EditorLandscapeResources/DataLayer.uasset" 27
"../../../Engine/Content/EngineDamageTypes/DmgTypeBP_Environmental.uasset" 28
"../../../Engine/Content/EngineMeshes/Sphere.uasset" 29
"../../../Engine/Content/EngineFonts/RobotoDistanceField.uasset" 30
"../../../Engine/Content/EngineMaterials/DefaultTextMaterialOpaque.uasset" 31
"../../../Engine/Content/EditorResources/S_Trigger.uasset" 32
"../../../Engine/Content/EngineResources/GradientTexture0.uasset" 33
"../../../Engine/Content/EngineResources/Black.uasset" 34
"../../../Engine/Content/EditorMaterials/MatineeGroups/MAT_Groups_Float.uasset" 35
"../../../Engine/Content/EditorMaterials/MatineeGroups/MAT_Groups_Director.uasset" 36
"../../../Engine/Content/EditorMaterials/MatineeGroups/MAT_Groups_Event.uasset" 37
"../../../Engine/Content/EditorMaterials/MatineeGroups/MAT_Groups_Anim.uasset" 38
"../../../Engine/Content/EditorMaterials/MatineeGroups/MAT_Groups_Fade.uasset" 39
"../../../Engine/Content/EditorMaterials/MatineeGroups/MAT_Groups_Move.uasset" 40
"../../../Engine/Content/EditorMaterials/MatineeGroups/MAT_Groups_Slomo.uasset" 41
"../../../Engine/Content/EditorMaterials/MatineeGroups/MAT_ColorTrack.uasset" 42
"../../../Engine/Content/EditorMaterials/MAT_Groups_Toggle.uasset" 43
"../../../Engine/Content/EditorMaterials/MatineeGroups/MAT_Groups_AudioMaster.uasset" 44
"../../../Engine/Content/EditorMaterials/MatineeGroups/MAT_Groups_Sound.uasset" 45
"../../../Engine/Content/EditorMaterials/MatineeGroups/MAT_Groups_Vector.uasset" 46
"../../../Engine/Content/EditorMaterials/MAT_Groups_Visibility.uasset" 47
"../../../Engine/Content/EngineResources/DefaultTextureCube.uasset" 48
"../../../Engine/Content/Functions/Engine_MaterialFunctions01/Opacity/CameraDepthFade.uasset" 49
"../../../Engine/Content/EngineMaterials/T_Default_Material_Grid_M.uasset" 50
"../../../Engine/Content/EngineMaterials/T_Default_Material_Grid_N.uasset" 51
"../../../Engine/Content/EngineMaterials/DefaultMaterial.uasset" 52
"../../../Engine/Content/EngineMeshes/Cylinder.uasset" 53
"../../../Engine/Content/EngineTireTypes/DefaultTireType.uasset" 54
"../../../Engine/Content/EditorMaterials/Camera/CineMat.uasset" 55
"../../../Engine/Content/EditorMaterials/Camera/MI_CineMat_Rig.uasset" 56
"../../../Engine/Content/EditorMeshes/Camera/SM_CraneRig_Base.uasset" 57
"../../../Engine/Content/EditorMeshes/Camera/SM_CraneRig_Arm.uasset" 58
"../../../Engine/Content/EditorMeshes/Camera/SM_CraneRig_Mount.uasset" 59
"../../../Engine/Content/EditorMeshes/Camera/SM_CraneRig_Body.uasset" 60
"../../../Engine/Content/EditorMeshes/Camera/SM_RailRig_Track.uasset" 61
"../../../Engine/Content/EditorMeshes/Camera/SM_RailRig_Mount.uasset" 62
"../../../Engine/Content/VREditor/LaserPointer/VR_LaserPower_01.uasset" 63
"../../../Engine/Content/VREditor/TransformGizmo/TransformGizmoMaterial.uasset" 64
"../../../Engine/Content/VREditor/TransformGizmo/TranslucentTransformGizmoMaterial.uasset" 65
"../../../Engine/Content/VREditor/TransformGizmo/TranslationHandle.uasset" 66
"../../../Engine/Content/VREditor/TransformGizmo/PlaneTranslationHandle.uasset" 67
"../../../Engine/Content/VREditor/TransformGizmo/RotationHandle.uasset" 68
"../../../Engine/Content/VREditor/TransformGizmo/StretchingHandle.uasset" 69
"../../../Engine/Content/VREditor/TransformGizmo/BoundingBoxCorner.uasset" 70
"../../../Engine/Content/VREditor/TransformGizmo/BoundingBoxEdge.uasset" 71
"../../../Engine/Content/VREditor/TransformGizmo/UniformScaleHandle.uasset" 72
"../../../Engine/Content/VREditor/FloatingText/LineMaterial.uasset" 73
"../../../Engine/Content/VREditor/FloatingText/LineSegmentCylinder.uasset" 74
"../../../Engine/Content/VREditor/FloatingText/JointSphere.uasset" 75
"../../../Engine/Content/VREditor/Fonts/VRText_RobotoLarge.uasset" 76
"../../../Engine/Content/VREditor/Fonts/VRTextMaterial.uasset" 77
"../../../Engine/Content/VREditor/Fonts/TranslucentVRTextMaterial.uasset" 78
"../../../Engine/Content/VREditor/UI/SelectionBarMesh.uasset" 79
"../../../Engine/Content/VREditor/UI/CloseButtonMesh.uasset" 80
"../../../Engine/Content/Tutorial/ContentIntroCurve.uasset" 81
"../../../Engine/Plugins/2D/Paper2D/Content/PlaceholderTextures/DummySpriteTexture.uasset" 82
"../../../Engine/Plugins/2D/Paper2D/Content/DefaultSpriteMaterial.uasset" 83
"../../../Engine/Plugins/2D/Paper2D/Content/MaskedUnlitSpriteMaterial.uasset" 84
"../../../Engine/Plugins/2D/Paper2D/Content/OpaqueUnlitSpriteMaterial.uasset" 85
"../../../Engine/Plugins/2D/Paper2D/Content/DummySprite.uasset" 86
"../../../Engine/Plugins/2D/Paper2D/Content/DefaultPaperTerrainMaterial.uasset" 87
"../../../Engine/Content/EngineMaterials/RemoveSurfaceMaterial.uasset" 88
"../../../Engine/Content/EngineDebugMaterials/DebugMeshMaterial.uasset" 89
"../../../Engine/Content/EngineMaterials/InvalidLightmapSettings.uasset" 90
"../../../Engine/Content/EngineMaterials/M_InvalidLightmapSettings.uasset" 91
"../../../Engine/Content/EditorMaterials/GizmoMaterial.uasset" 92
"../../../Engine/Content/EngineMaterials/Good64x64TilingNoiseHighFreq.uasset" 93
"../../../Engine/Content/EngineMaterials/DefaultBokeh.uasset" 94
"../../../Engine/Content/EngineMaterials/PreintegratedSkinBRDF.uasset" 95
"../../../Engine/Content/EngineMaterials/MiniFont.uasset" 96
"../../../Engine/Content/EngineMaterials/WeightMapPlaceholderTexture.uasset" 97
"../../../Engine/Content/EngineMaterials/DefaultWhiteGrid.uasset" 98
"../../../Engine/Content/EngineFonts/RobotoTiny.uasset" 99
"../../../Engine/Content/EditorSounds/Notifications/CompileSuccess.uasset" 100
"../../../Engine/Content/EditorSounds/Notifications/CompileStart_Cue.uasset" 101
"../../../Engine/Content/EditorSounds/Notifications/CompileSuccess_Cue.uasset" 102
"../../../Engine/Content/EditorSounds/Notifications/CompileFailed.uasset" 103
"../../../Engine/Content/EditorSounds/Notifications/CompileFailed_Cue.uasset" 104
"../../../LGTM_0101/Content/LIF/Texture/icon_cc_icon_01.uasset" 105
"../../../LGTM_0101/Content/LIF/Image/GUI/water_04.uasset" 106
"../../../LGTM_0101/Content/LIF/Image/StartMenu/LIF_MENU.uasset" 107
"../../../LGTM_0101/Content/LIF/Particles/fire/fireTexture.uasset" 108
"../../../LGTM_0101/Content/LIF/Particles/fire/fireMaterial.uasset" 109
"../../../LGTM_0101/Content/LIF/Particles/fire/fireParticle.uasset" 110
"../../../LGTM_0101/Content/LIF/StaticMesh/ecCab/ecCab_02/ecCab_02_tex_01_AOC_512.uasset" 111
"../../../LGTM_0101/Content/LIF/Image/GUI/water_03.uasset" 112
"../../../LGTM_0101/Content/LIF/Particles/BrilloArma.uasset" 113
"../../../LGTM_0101/Content/LIF/Particles/Particula.uasset" 114
"../../../LGTM_0101/Content/LIF/Particles/Mat_Particula.uasset" 115
"../../../LGTM_0101/Content/LIF/StaticMesh/ecCab/ecCab_02/ecCab_02_tex_01_AOC.uasset" 116
"../../../LGTM_0101/Content/LIF/StaticMesh/ecCab/ecCab_02/ecCab_02_tex_01_DIS_512.uasset" 117
"../../../LGTM_0101/Content/LIF/StaticMesh/ecCab/ecCab_03/ecCab_03_DIS.uasset" 118
"../../../LGTM_0101/Content/LIF/StaticMesh/Weapons/shotgun/wood_texture_2_by_annfrost_stock.uasset" 119
"../../../Engine/Content/MobileResources/HUD/MobileHUDButton2_off.uasset" 120
"../../../LGTM_0101/Content/LIF/StaticMesh/InteriorCabania/Botiquin/Botiquin2.uasset" 121
"../../../LGTM_0101/Content/LIF/StaticMesh/InteriorCabania/Conexion.uasset" 122
"../../../LGTM_0101/Content/LIF/StaticMesh/InteriorCabania/Contacto.uasset" 123
"../../../LGTM_0101/Content/LIF/Particles/leaves/leafTexture.uasset" 124
"../../../LGTM_0101/Content/LIF/StaticMesh/ecCab/ecCab_02/ecCab_02_tex_01.uasset" 125
"../../../LGTM_0101/Content/LIF/StaticMesh/ecCab/ecCab_02/ecCab_02_tex_01_NOR.uasset" 126
"../../../LGTM_0101/Content/LIF/StaticMesh/ecCab/ecCab_02/ecCab_02_mat.uasset" 127
"../../../LGTM_0101/Content/LIF/StaticMesh/ecCab/ecCab_02/ecCab_02_sm.uasset" 128
"../../../LGTM_0101/Content/LIF/StaticMesh/ecCab/ecCab_03/ecCab_03_AOC_512.uasset" 129
"../../../LGTM_0101/Content/LIF/StaticMesh/ecCab/ecCab_03/ecCab_03_SPE_512.uasset" 130
"../../../LGTM_0101/Content/LIF/StaticMesh/Weapons/rocket/Default_Material.uasset" 131
"../../../Engine/Content/MobileResources/HUD/VirtualJoystick_Background.uasset" 132
"../../../Engine/Content/MobileResources/HUD/VirtualJoystick_Thumb.uasset" 133
"../../../Engine/Content/MobileResources/HUD/LeftVirtualJoystickOnly.uasset" 134
"../../../LGTM_0101/Content/LIF/StaticMesh/Arboles/Arbol_01/Tronco_02.uasset" 135
"../../../LGTM_0101/Content/LIF/StaticMesh/Cabins/Cabin_01/Wood_Texture.uasset" 136
"../../../LGTM_0101/Content/LIF/StaticMesh/Cabins/Cabin_01/lambert1.uasset" 137
"../../../LGTM_0101/Content/LIF/StaticMesh/ecCab/ecCab_03/ecCab_03_NOR.uasset" 138
"../../../LGTM_0101/Content/LIF/StaticMesh/ecCab/ecCab_03/ecCab_03_tex.uasset" 139
"../../../LGTM_0101/Content/LIF/StaticMesh/ecCab/ecCab_03/ecCab_03_mat.uasset" 140
"../../../LGTM_0101/Content/LIF/StaticMesh/ecCab/ecCab_03/ecCab_03_sm.uasset" 141
"../../../LGTM_0101/Content/LIF/StaticMesh/Weapons/rocket/Clean_white_concrete_wall_Texture_-_4928_x_3264.uasset" 142
"../../../LGTM_0101/Content/LIF/Image/GUI/water_02.uasset" 143
"../../../LGTM_0101/Content/LIF/StaticMesh/ecCab/ecCab_04/ladrillos.uasset" 144
"../../../LGTM_0101/Content/LIF/StaticMesh/ecCab/ecCab_04/ecCab_04_chimenea_mat.uasset" 145
"../../../LGTM_0101/Content/LIF/StaticMesh/ecCab/ecCab_04/madera_tex.uasset" 146
"../../../LGTM_0101/Content/LIF/StaticMesh/ecCab/ecCab_04/ecCab_04_pared_mat.uasset" 147
"../../../LGTM_0101/Content/LIF/StaticMesh/ecCab/ecCab_04/techo_madera_tex.uasset" 148
"../../../LGTM_0101/Content/LIF/StaticMesh/ecCab/ecCab_04/ecCab_04_techo_mat.uasset" 149
"../../../LGTM_0101/Content/LIF/StaticMesh/ecCab/ecCab_04/ecCab_04_sm.uasset" 150
"../../../LGTM_0101/Content/LIF/StaticMesh/Weapons/pistol/BlackPlasticTexturebyShadowRunner27_zzguh.uasset" 151
"../../../LGTM_0101/Content/LIF/Terrain/Terrain_sharedassets/Ground_1_LayerInfo2.uasset" 152
"../../../Engine/Content/MobileResources/HUD/MobileHUDDirectionPad.uasset" 153
"../../../LGTM_0101/Content/LIF/Image/GUI/2.uasset" 154
"../../../LGTM_0101/Content/LIF/StaticMesh/ecCab/ecCab_03/ecCab_03_AOC.uasset" 155
"../../../LGTM_0101/Content/LIF/StaticMesh/ecCab/ecCab_03/ecCab_03_DIS_512.uasset" 156
"../../../LGTM_0101/Content/LIF/StaticMesh/ecCab/ecCab_03/ecCab_03_tex_512.uasset" 157
"../../../LGTM_0101/Content/LIF/StaticMesh/InteriorCabania/cuadroPared_02.uasset" 158
"../../../LGTM_0101/Content/LIF/StaticMesh/InteriorCabania/mat_CuadroPared_2.uasset" 159
"../../../LGTM_0101/Content/LIF/StaticMesh/InteriorCabania/Cuadro_Rub.uasset" 160
"../../../LGTM_0101/Content/LIF/StaticMesh/InteriorCabania/Metal.uasset" 161
"../../../LGTM_0101/Content/LIF/StaticMesh/InteriorCabania/Negro.uasset" 162
"../../../LGTM_0101/Content/LIF/StaticMesh/InteriorCabania/phongE1.uasset" 163
"../../../LGTM_0101/Content/LIF/StaticMesh/InteriorCabania/phongE2.uasset" 164
"../../../LGTM_0101/Content/LIF/StaticMesh/Weapons/pistol/free-metal-texture-4.uasset" 165
"../../../LGTM_0101/Content/LIF/Image/GUI/WaterBar.uasset" 166
"../../../LGTM_0101/Content/LIF/Texture/Ground3_NOR.uasset" 167
"../../../LGTM_0101/Content/LIF/Texture/icon_cc_icon_02.uasset" 168
"../../../LGTM_0101/Content/LIF/Texture/players/rojo.uasset" 169
"../../../Engine/Content/MobileResources/HUD/MobileHUDButtonFire.uasset" 170
"../../../LGTM_0101/Content/LIF/StaticMesh/Cabins/Cabin_02/Wood_Texture.uasset" 171
"../../../LGTM_0101/Content/LIF/StaticMesh/Cabins/Cabin_02/lambert13.uasset" 172
"../../../LGTM_0101/Content/LIF/StaticMesh/Cabins/Cabin_02/Cabin_Fbx_02.uasset" 173
"../../../LGTM_0101/Content/LIF/StaticMesh/ecCab/ecCab_02/ecCab_02_tex_01_SPE.uasset" 174
"../../../LGTM_0101/Content/LIF/Image/GUI/3.uasset" 175
"../../../LGTM_0101/Content/LIF/StaticMesh/Arboles/Hoja.uasset" 176
"../../../LGTM_0101/Content/LIF/StaticMesh/Arboles/Mat_A1_Hojas.uasset" 177
"../../../LGTM_0101/Content/LIF/StaticMesh/Arboles/Arbol_04_T2.uasset" 178
"../../../LGTM_0101/Content/LIF/StaticMesh/Arboles/Tronco.uasset" 179
"../../../LGTM_0101/Content/LIF/StaticMesh/Arboles/Mat_A1_Tronco.uasset" 180
"../../../LGTM_0101/Content/LIF/StaticMesh/Arboles/Arbol_05_T2.uasset" 181
"../../../LGTM_0101/Content/LIF/StaticMesh/Arboles/Arbol_01/2.uasset" 182
"../../../LGTM_0101/Content/LIF/StaticMesh/Arboles/Arbol_01/Tronco.uasset" 183
"../../../LGTM_0101/Content/LIF/StaticMesh/Arboles/Arbol_01/Tronco_AOC.uasset" 184
"../../../LGTM_0101/Content/LIF/StaticMesh/Arboles/Arbol_01/Tronco_DIS.uasset" 185
"../../../LGTM_0101/Content/LIF/StaticMesh/Arboles/Arbol_01/Tronco_NOR.uasset" 186
"../../../LGTM_0101/Content/LIF/StaticMesh/Arboles/Arbol_01/Tronco_SPE.uasset" 187
"../../../LGTM_0101/Content/LIF/StaticMesh/Arboles/Arbol_01/Arbol_01_T2_mat.uasset" 188
"../../../LGTM_0101/Content/LIF/StaticMesh/ecCab/ecCab_02/ecCab_02_tex_01_DIS.uasset" 189
"../../../LGTM_0101/Content/LIF/StaticMesh/ecCab/ecCab_02/ecCab_02_tex_01_NOR_512.uasset" 190
"../../../LGTM_0101/Content/LIF/StaticMesh/ecCab/ecCab_03/ecCab_03_NOR_512.uasset" 191
"../../../LGTM_0101/Content/LIF/StaticMesh/InteriorCabania/cuadroPared.uasset" 192
"../../../LGTM_0101/Content/LIF/StaticMesh/InteriorCabania/mat_CuadroPared.uasset" 193
"../../../LGTM_0101/Content/LIF/StaticMesh/InteriorCabania/Cuadro_Biza.uasset" 194
"../../../Engine/Content/MobileResources/HUD/MobileHUDButton1_on.uasset" 195
"../../../Engine/Content/MobileResources/HUD/T_Castle_ThumbstickInner.uasset" 196
"../../../LGTM_0101/Content/LIF/Image/GUI/1.uasset" 197
"../../../LGTM_0101/Content/LIF/Image/GUI/4.uasset" 198
"../../../LGTM_0101/Content/LIF/Image/Cuadros/fondo_03.uasset" 199
"../../../LGTM_0101/Content/LIF/Materials/fondo_03_Mat.uasset" 200
"../../../LGTM_0101/Content/LIF/Texture/Grass_01_NOR.uasset" 201
"../../../LGTM_0101/Content/LIF/Texture/Grass_01_TEX.uasset" 202
"../../../LGTM_0101/Content/LIF/Materials/forest_mat2.uasset" 203
"../../../LGTM_0101/Content/LIF/Image/letrero_01.uasset" 204
"../../../LGTM_0101/Content/LIF/Materials/letrero_01_Mat.uasset" 205
"../../../LGTM_0101/Content/LIF/StaticMesh/Cabins/Cabin_03/Wood_Texture.uasset" 206
"../../../LGTM_0101/Content/LIF/StaticMesh/Cabins/Cabin_03/lambert10.uasset" 207
"../../../LGTM_0101/Content/LIF/StaticMesh/Cabins/Cabin_04/Wood_Texture.uasset" 208
"../../../LGTM_0101/Content/LIF/StaticMesh/Cabins/Cabin_04/lambert10.uasset" 209
"../../../LGTM_0101/Content/LIF/StaticMesh/Cabins/Cabin_04/Cabin_Fbx_04.uasset" 210
"../../../LGTM_0101/Content/LIF/StaticMesh/ecCab/ecCab_02/ecCab_02_tex_01_512.uasset" 211
"../../../LGTM_0101/Content/LIF/StaticMesh/Weapons/rocket/metal-texture.uasset" 212
"../../../LGTM_0101/Content/LIF/Widgets/GUI_CONTROLES/GUI_objetivo.uasset" 213
"../../../LGTM_0101/Content/LIF/Widgets/Laderboard/laderBoard.uasset" 214
"../../../Engine/Content/MobileResources/T_MobileMenu2.uasset" 215
"../../../Engine/Content/MobileResources/HUD/MobileHUDDirectionPad3.uasset" 216
"../../../Engine/Content/MobileResources/HUD/T_Castle_ThumbstickOutter.uasset" 217
"../../../LGTM_0101/Content/LIF/Animation/Idle_with_skeleton_Skeleton.uasset" 218
"../../../LGTM_0101/Content/LIF/Animation/secuences/idle_defeat.uasset" 219
"../../../LGTM_0101/Content/LIF/Animation/secuences/idle_rifle_2.uasset" 220
"../../../LGTM_0101/Content/LIF/Animation/secuences/idle_victory.uasset" 221
"../../../LGTM_0101/Content/LIF/Animation/secuences/Idle_with_skeleton_Anim.uasset" 222
"../../../LGTM_0101/Content/LIF/Animation/secuences/Injured_Walking.uasset" 223
"../../../LGTM_0101/Content/LIF/Animation/secuences/Jump.uasset" 224
"../../../LGTM_0101/Content/LIF/Animation/secuences/Jumping_Jacks.uasset" 225
"../../../LGTM_0101/Content/LIF/Animation/secuences/Jump_Away_Left.uasset" 226
"../../../LGTM_0101/Content/LIF/Animation/secuences/Jump_Away_Right.uasset" 227
"../../../LGTM_0101/Content/LIF/Animation/secuences/Jump_Down.uasset" 228
"../../../LGTM_0101/Content/LIF/Animation/secuences/Jump_Forward.uasset" 229
"../../../LGTM_0101/Content/LIF/Animation/secuences/Jump_Loop.uasset" 230
"../../../LGTM_0101/Content/LIF/Animation/secuences/Jump_Up.uasset" 231
"../../../LGTM_0101/Content/LIF/Animation/secuences/Left_Strafe_Jump.uasset" 232
"../../../LGTM_0101/Content/LIF/Animation/secuences/Listening_To_Music.uasset" 233
"../../../LGTM_0101/Content/LIF/Animation/secuences/Look_Around.uasset" 234
"../../../LGTM_0101/Content/LIF/Animation/secuences/Picking_Up.uasset" 235
"../../../LGTM_0101/Content/LIF/Animation/secuences/Pistol_Jump.uasset" 236
"../../../LGTM_0101/Content/LIF/Animation/secuences/Pistol_Jump__1_.uasset" 237
"../../../LGTM_0101/Content/LIF/Animation/secuences/Putting_Down.uasset" 238
"../../../LGTM_0101/Content/LIF/Animation/secuences/Reloading_cruch.uasset" 239
"../../../LGTM_0101/Content/LIF/Animation/secuences/Reloading_rifle_run.uasset" 240
"../../../LGTM_0101/Content/LIF/Animation/secuences/Rifle_Jump_0.uasset" 241
"../../../LGTM_0101/Content/LIF/Animation/secuences/Rifle_Walk.uasset" 242
"../../../LGTM_0101/Content/LIF/Animation/secuences/Run_Strafing_Jump.uasset" 243
"../../../LGTM_0101/Content/LIF/Animation/secuences/shooting_heavy_pistol.uasset" 244
"../../../Engine/Content/BasicShapes/Cone.uasset" 245
"../../../Engine/Content/BasicShapes/Cylinder.uasset" 246
"../../../Engine/Content/BasicShapes/Sphere.uasset" 247
"../../../Engine/Content/EditorMaterials/PhAT_JointLimitMaterial.uasset" 248
"../../../Engine/Content/EditorMaterials/PreviewShadowIndicator.uasset" 249
"../../../Engine/Content/EditorMaterials/PreviewShadowIndicatorMaterial.uasset" 250
"../../../Engine/Content/EditorMeshes/ColorCalibrator/M_ChromeBall.uasset" 251
"../../../Engine/Content/EditorMeshes/ColorCalibrator/M_ClearCoat.uasset" 252
"../../../Engine/Content/EditorMeshes/ColorCalibrator/M_ClearCoatBlack.uasset" 253
"../../../Engine/Content/EditorMeshes/ColorCalibrator/T_ColorGrid.uasset" 254
"../../../Engine/Content/EditorMeshes/ColorCalibrator/M_ColorGrid.uasset" 255
"../../../Engine/Content/EditorMeshes/ColorCalibrator/M_GreyBall.uasset" 256
"../../../Engine/Content/EditorMeshes/ColorCalibrator/SM_ColorCalibrator.uasset" 257
"../../../Engine/Content/EditorResources/BSPVertex.uasset" 258
"../../../Engine/Content/EditorResources/EmptyActor.uasset" 259
"../../../Engine/Content/EditorResources/AudioIcons/S_AudioComponent_AutoActivate.uasset" 260
"../../../Engine/Content/EngineDebugMaterials/HeatmapGradient.uasset" 261
"../../../Engine/Content/EngineDebugMaterials/BoneWeightMaterial.uasset" 262
"../../../Engine/Content/EngineDebugMaterials/GeomMaterial.uasset" 263
"../../../Engine/Content/EngineMaterials/EditorBrushMaterial.uasset" 264
"../../../Engine/Content/EngineMeshes/Cube.uasset" 265
"../../../Engine/Content/MobileResources/T_MobileControls_texture.uasset" 266
"../../../Engine/Content/MobileResources/HUD/AnalogHat.uasset" 267
"../../../Engine/Content/MobileResources/HUD/DefaultVirtualJoysticks.uasset" 268
"../../../Engine/Content/MobileResources/HUD/MobileHUDButton1_off.uasset" 269
"../../../Engine/Content/MobileResources/HUD/MobileHUDButton2_on.uasset" 270
"../../../Engine/Content/MobileResources/HUD/MobileHUDButton3.uasset" 271
"../../../Engine/Content/MobileResources/HUD/MobileHUDDirectionPad2.uasset" 272
"../../../Engine/Content/MobileResources/HUD/MobileHUDDirectionStick.uasset" 273
"../../../Engine/Content/Tutorial/Basics/TutorialAssets/icon_tab_Levels_40x.uasset" 274
"../../../Engine/Content/Tutorial/BlueprintTutorials/TutorialAssets/BlueprintInterface_64x.uasset" 275
"../../../Engine/Content/Tutorial/BlueprintTutorials/TutorialAssets/BlueprintMacroLibrary_64x.uasset" 276
"../../../Engine/Content/Tutorial/BlueprintTutorials/TutorialAssets/Blueprint_64x.uasset" 277
"../../../Engine/Content/Tutorial/BlueprintTutorials/TutorialAssets/Tutorial_BP_Interface.uasset" 278
"../../../Engine/Content/Tutorial/Foliage/TutorialAssets/Foliage.uasset" 279
"../../../Engine/Content/Tutorial/Landscape/TutorialAssets/Landscape.uasset" 280
"../../../Engine/Content/Tutorial/Paper2D/TutorialAssets/Paper2DFlipbook_TutorialIcon.uasset" 281
"../../../Engine/Content/Tutorial/Paper2D/TutorialAssets/Paper2DSprite_TutorialIcon.uasset" 282
"../../../Engine/Content/Tutorial/SubEditors/TutorialAssets/icon_Editor_Preferences_General_40x.uasset" 283
"../../../Engine/Content/Tutorial/SubEditors/TutorialAssets/icon_ShowSkeletalMeshes_40x.uasset" 284
"../../../Engine/Content/Tutorial/SubEditors/TutorialAssets/TutorialMaterial.uasset" 285
"../../../Engine/Content/Tutorial/SubEditors/TutorialAssets/T_SmokeSubUV_8X8.uasset" 286
"../../../Engine/Content/Tutorial/SubEditors/TutorialAssets/T_soft_smoke.uasset" 287
"../../../Engine/Content/Tutorial/SubEditors/TutorialAssets/M_smoke_subUV_blackbody.uasset" 288
"../../../Engine/Content/Tutorial/SubEditors/TutorialAssets/TutorialParticleSystem.uasset" 289
"../../../Engine/Content/EngineMaterials/WorldGridMaterial.uasset" 290
"../../../Engine/Content/EditorMeshes/EditorCube.uasset" 291
"../../../Engine/Content/Tutorial/SubEditors/TutorialAssets/Tutorial_DM.uasset" 292
"../../../LGTM_0101/Content/FirstPerson/Meshes/BaseMaterial.uasset" 293
"../../../LGTM_0101/Content/FirstPerson/Meshes/FirstPersonProjectileMaterial.uasset" 294
"../../../LGTM_0101/Content/FirstPerson/Meshes/FirstPersonProjectileMesh.uasset" 295
"../../../LGTM_0101/Content/FirstPersonBP/Blueprints/FirstPersonProjectile.uasset" 296
"../../../LGTM_0101/Content/Geometry/Meshes/CubeMaterial.uasset" 297
"../../../LGTM_0101/Content/Geometry/Meshes/1M_Cube_Chamfer.uasset" 298
"../../../LGTM_0101/Content/Geometry/Meshes/TemplateFloor.uasset" 299
"../../../LGTM_0101/Content/LIF/Animation/secuences/Reloading_rifle.uasset" 300
"../../../LGTM_0101/Content/LIF/Animation/montages/Reloading_rifle_Montage.uasset" 301
"../../../LGTM_0101/Content/LIF/Animation/secuences/Shooting.uasset" 302
"../../../LGTM_0101/Content/LIF/Animation/montages/Shooting_Montage.uasset" 303
"../../../LGTM_0101/Content/LIF/Animation/secuences/Crouch_Death.uasset" 304
"../../../LGTM_0101/Content/LIF/Animation/secuences/Death_From_Back_Headshot.uasset" 305
"../../../LGTM_0101/Content/LIF/Animation/secuences/Looking.uasset" 306
"../../../LGTM_0101/Content/LIF/Animation/secuences/Pointing.uasset" 307
"../../../LGTM_0101/Content/LIF/Animation/secuences/Rifle_Jump.uasset" 308
"../../../LGTM_0101/Content/LIF/Animation/secuences/shooting_rifle.uasset" 309
"../../../LGTM_0101/Content/LIF/Animation/secuences/idle_rifle.uasset" 310
"../../../LGTM_0101/Content/LIF/Animation/secuences/Walk_Backward.uasset" 311
"../../../LGTM_0101/Content/LIF/Animation/secuences/Walk_Forward.uasset" 312
"../../../LGTM_0101/Content/LIF/Animation/secuences/Walk_Left.uasset" 313
"../../../LGTM_0101/Content/LIF/Animation/secuences/Walk_Right.uasset" 314
"../../../LGTM_0101/Content/LIF/Animation/blendspace/walk_run.uasset" 315
"../../../LGTM_0101/Content/LIF/Animation/secuences/Crouch_Idle_with_rifle.uasset" 316
"../../../LGTM_0101/Content/LIF/Animation/secuences/Walk_Crouching_Backward_Right.uasset" 317
"../../../LGTM_0101/Content/LIF/Animation/secuences/Walk_Crouching_Forward.uasset" 318
"../../../LGTM_0101/Content/LIF/Animation/secuences/Walk_Crouching_Left.uasset" 319
"../../../LGTM_0101/Content/LIF/Animation/secuences/Walk_Crouching_Right.uasset" 320
"../../../LGTM_0101/Content/LIF/Animation/blendspace/walk_run_crouch.uasset" 321
"../../../LGTM_0101/Content/LIF/Animation/secuences/Swimming.uasset" 322
"../../../LGTM_0101/Content/LIF/Animation/secuences/Treading_Water.uasset" 323
"../../../LGTM_0101/Content/LIF/Animation/blendspace/swiming.uasset" 324
"../../../LGTM_0101/Content/LIF/Animation/enums/ecAnimations.uasset" 325
"../../../LGTM_0101/Content/LIF/Animation/blueprint/zoe_BP.uasset" 326
"../../../Engine/Content/EditorBlueprintResources/ActorMacros.uasset" 327
"../../../LGTM_0101/Content/LIF/Particles/explosion/Textures/T_Burst_M.uasset" 328
"../../../LGTM_0101/Content/LIF/Particles/explosion/Particles/Materials/M_Burst.uasset" 329
"../../../LGTM_0101/Content/LIF/Particles/explosion/Textures/T_Explosion_SubUV.uasset" 330
"../../../LGTM_0101/Content/LIF/Particles/explosion/Particles/Materials/M_explosion_subUV.uasset" 331
"../../../LGTM_0101/Content/LIF/Particles/explosion/Particles/Materials/m_flare_01.uasset" 332
"../../../Engine/Content/Functions/Engine_MaterialFunctions01/Gradient/RadialGradient.uasset" 333
"../../../LGTM_0101/Content/LIF/Particles/explosion/Particles/Materials/M_radial_ramp.uasset" 334
"../../../LGTM_0101/Content/LIF/Particles/explosion/Textures/T_Smoke_SubUV.uasset" 335
"../../../LGTM_0101/Content/LIF/Particles/explosion/Textures/T_Smoke_Tiled_D.uasset" 336
"../../../LGTM_0101/Content/LIF/Particles/explosion/Particles/Materials/M_smoke_subUV.uasset" 337
"../../../LGTM_0101/Content/LIF/Particles/explosion/Particles/P_Explosion.uasset" 338
"../../../LGTM_0101/Content/LIF/Actors/particula.uasset" 339
"../../../LGTM_0101/Content/LIF/StaticMesh/Weapons/mat_bala.uasset" 340
"../../../LGTM_0101/Content/LIF/StaticMesh/Weapons/Bala_01.uasset" 341
"../../../LGTM_0101/Content/LIF/ecProjectiles/pistol_projectile.uasset" 342
"../../../LGTM_0101/Content/LIF/Animation/RE5_360_CHARACTER_Sheva_Alomar_Fairy_Tale_Cloak_D.uasset" 343
"../../../LGTM_0101/Content/LIF/Texture/players/player_00.uasset" 344
"../../../LGTM_0101/Content/LIF/Texture/players/amarillo.uasset" 345
"../../../LGTM_0101/Content/LIF/Texture/players/player_01.uasset" 346
"../../../LGTM_0101/Content/LIF/Texture/players/aqua.uasset" 347
"../../../LGTM_0101/Content/LIF/Texture/players/player_02.uasset" 348
"../../../LGTM_0101/Content/LIF/Texture/players/verde.uasset" 349
"../../../LGTM_0101/Content/LIF/Texture/players/player_03.uasset" 350
"../../../LGTM_0101/Content/LIF/Texture/players/naranja.uasset" 351
"../../../LGTM_0101/Content/LIF/Texture/players/player_04.uasset" 352
"../../../LGTM_0101/Content/LIF/Texture/players/asul.uasset" 353
"../../../LGTM_0101/Content/LIF/Texture/players/player_05.uasset" 354
"../../../LGTM_0101/Content/LIF/Texture/players/blanco.uasset" 355
"../../../LGTM_0101/Content/LIF/Texture/players/player_06.uasset" 356
"../../../LGTM_0101/Content/LIF/Texture/players/cafe.uasset" 357
"../../../LGTM_0101/Content/LIF/Texture/players/player_07.uasset" 358
"../../../LGTM_0101/Content/LIF/Texture/players/gris.uasset" 359
"../../../LGTM_0101/Content/LIF/Texture/players/player_08.uasset" 360
"../../../LGTM_0101/Content/LIF/Texture/players/morado.uasset" 361
"../../../LGTM_0101/Content/LIF/Texture/players/player_09.uasset" 362
"../../../LGTM_0101/Content/FirstPerson/Audio/FirstPersonTemplateWeaponFire02.uasset" 363
"../../../LGTM_0101/Content/LIF/Animation/RE5_360_CHARACTER_Sheva_Alomar_Fairy_Tale_Accessories_D.uasset" 364
"../../../LGTM_0101/Content/LIF/Animation/RE5_360_CHR_SAL_FTA_A1.uasset" 365
"../../../LGTM_0101/Content/LIF/Animation/RE5_360_CHR_SAL_FTA_B1.uasset" 366
"../../../LGTM_0101/Content/LIF/Animation/RE5_360_CHR_SAL_FTA_C1.uasset" 367
"../../../LGTM_0101/Content/LIF/Animation/RE5_360_CHARACTER_Sheva_Alomar_Fairy_Tale_Eyes_D.uasset" 368
"../../../LGTM_0101/Content/LIF/Animation/RE5_360_CHR_SAL_FTA_E1.uasset" 369
"../../../LGTM_0101/Content/LIF/Animation/RE5_360_CHARACTER_Sheva_Alomar_Fairy_Tale_Face_D.uasset" 370
"../../../LGTM_0101/Content/LIF/Animation/RE5_360_CHR_SAL_FTA_F1.uasset" 371
"../../../LGTM_0101/Content/LIF/Animation/RE5_360_CHARACTER_Sheva_Alomar_Fairy_Tale_Hair_D.uasset" 372
"../../../LGTM_0101/Content/LIF/Animation/RE5_360_CHR_SAL_FTA_H1.uasset" 373
"../../../LGTM_0101/Content/LIF/Animation/Idle_with_skeleton_PhysicsAsset.uasset" 374
"../../../LGTM_0101/Content/LIF/Animation/Idle_with_skeleton.uasset" 375
"../../../LGTM_0101/Content/LIF/Enums/ecAmmoTypes.uasset" 376
"../../../LGTM_0101/Content/LIF/Enums/ecAnimRunWeapon.uasset" 377
"../../../LGTM_0101/Content/LIF/Enums/ecCameraType.uasset" 378
"../../../LGTM_0101/Content/LIF/Enums/ecHUD_Selector.uasset" 379
"../../../LGTM_0101/Content/LIF/Enums/ecRespawn_enum.uasset" 380
"../../../LGTM_0101/Content/LIF/Enums/ecViewportInputMode.uasset" 381
"../../../LGTM_0101/Content/LIF/Enums/ecWidget_enum.uasset" 382
"../../../LGTM_0101/Content/LIF/Enums/ecWidgetType.uasset" 383
"../../../LGTM_0101/Content/LIF/StaticMesh/Weapons/pistol/textura-negra_1205-327.uasset" 384
"../../../LGTM_0101/Content/LIF/StaticMesh/Weapons/pistol/lambert10.uasset" 385
"../../../LGTM_0101/Content/LIF/StaticMesh/Weapons/pistol/lambert12.uasset" 386
"../../../LGTM_0101/Content/LIF/StaticMesh/Weapons/pistol/lambert13.uasset" 387
"../../../LGTM_0101/Content/LIF/StaticMesh/Weapons/pistol/tut_base.uasset" 388
"../../../LGTM_0101/Content/LIF/StaticMesh/Weapons/pistol/lambert14.uasset" 389
"../../../LGTM_0101/Content/LIF/StaticMesh/Weapons/pistol/images.uasset" 390
"../../../LGTM_0101/Content/LIF/StaticMesh/Weapons/pistol/lambert3.uasset" 391
"../../../LGTM_0101/Content/LIF/StaticMesh/Weapons/pistol/pistol_fbx.uasset" 392
"../../../LGTM_0101/Content/LIF/StaticMesh/Weapons/rocket/3metal_texture_big_100405.uasset" 393
"../../../LGTM_0101/Content/LIF/StaticMesh/Weapons/rocket/lambert1.uasset" 394
"../../../LGTM_0101/Content/LIF/StaticMesh/Weapons/rocket/lambert10.uasset" 395
"../../../LGTM_0101/Content/LIF/StaticMesh/Weapons/rocket/tut_base.uasset" 396
"../../../LGTM_0101/Content/LIF/StaticMesh/Weapons/rocket/lambert11.uasset" 397
"../../../LGTM_0101/Content/LIF/StaticMesh/Weapons/rocket/metall005-new.uasset" 398
"../../../LGTM_0101/Content/LIF/StaticMesh/Weapons/rocket/lambert7.uasset" 399
"../../../LGTM_0101/Content/LIF/StaticMesh/Weapons/rocket/glass.uasset" 400
"../../../LGTM_0101/Content/LIF/StaticMesh/Weapons/rocket/lambert8.uasset" 401
"../../../LGTM_0101/Content/LIF/StaticMesh/Weapons/rocket/rocket_fbx.uasset" 402
"../../../LGTM_0101/Content/LIF/StaticMesh/Weapons/shotgun/tut_base.uasset" 403
"../../../LGTM_0101/Content/LIF/StaticMesh/Weapons/shotgun/lambert1.uasset" 404
"../../../LGTM_0101/Content/LIF/StaticMesh/Weapons/shotgun/89c3beddf3c836e9b04430020d9cf32b.uasset" 405
"../../../LGTM_0101/Content/LIF/StaticMesh/Weapons/shotgun/lambert2.uasset" 406
"../../../LGTM_0101/Content/LIF/StaticMesh/Weapons/shotgun/lambert3.uasset" 407
"../../../LGTM_0101/Content/LIF/StaticMesh/Weapons/shotgun/lambert4.uasset" 408
"../../../LGTM_0101/Content/LIF/StaticMesh/Weapons/shotgun/shotgun_fbx.uasset" 409
"../../../LGTM_0101/Content/LIF/StaticMesh/Weapons/sniper/Gray_3.uasset" 410
"../../../LGTM_0101/Content/LIF/StaticMesh/Weapons/sniper/lambert1.uasset" 411
"../../../LGTM_0101/Content/LIF/StaticMesh/Weapons/sniper/metal-texture.uasset" 412
"../../../LGTM_0101/Content/LIF/StaticMesh/Weapons/sniper/lambert10.uasset" 413
"../../../LGTM_0101/Content/LIF/StaticMesh/Weapons/sniper/free-metal-texture-2.uasset" 414
"../../../LGTM_0101/Content/LIF/StaticMesh/Weapons/sniper/lambert3.uasset" 415
"../../../LGTM_0101/Content/LIF/StaticMesh/Weapons/sniper/lambert4.uasset" 416
"../../../LGTM_0101/Content/LIF/StaticMesh/Weapons/sniper/bumpy-black-plastic-texture.uasset" 417
"../../../LGTM_0101/Content/LIF/StaticMesh/Weapons/sniper/lambert5.uasset" 418
"../../../LGTM_0101/Content/LIF/StaticMesh/Weapons/sniper/lambert6.uasset" 419
"../../../LGTM_0101/Content/LIF/StaticMesh/Weapons/sniper/lambert7.uasset" 420
"../../../LGTM_0101/Content/LIF/StaticMesh/Weapons/sniper/lambert8.uasset" 421
"../../../LGTM_0101/Content/LIF/StaticMesh/Weapons/sniper/glass.uasset" 422
"../../../LGTM_0101/Content/LIF/StaticMesh/Weapons/sniper/lambert9.uasset" 423
"../../../LGTM_0101/Content/LIF/StaticMesh/Weapons/sniper/sniper_fbx.uasset" 424
"../../../LGTM_0101/Content/LIF/Image/GUI/DeathIcon.uasset" 425
"../../../LGTM_0101/Content/LIF/Image/GUI/MultiDeath.uasset" 426
"../../../LGTM_0101/Content/LIF/Image/LOGO/Logo.uasset" 427
"../../../LGTM_0101/Content/LIF/Widgets/GameOver/GameOver.uasset" 428
"../../../LGTM_0101/Content/LIF/Image/GUI/bullet.uasset" 429
"../../../LGTM_0101/Content/LIF/Image/GUI/LifeBar.uasset" 430
"../../../LGTM_0101/Content/LIF/Image/GUI/lifeBarEmpty.uasset" 431
"../../../LGTM_0101/Content/LIF/Image/GUI/water_01.uasset" 432
"../../../LGTM_0101/Content/LIF/Widgets/GUI/LifeBar.uasset" 433
"../../../LGTM_0101/Content/LIF/Widgets/GUI_CONTROLES/GameController_LIF_3.uasset" 434
"../../../LGTM_0101/Content/LIF/Widgets/GUI_CONTROLES/GUI_CONTROLES.uasset" 435
"../../../LGTM_0101/Content/LIF/Widgets/PauseMenu/PauseMenu.uasset" 436
"../../../LGTM_0101/Content/FirstPersonBP/Blueprints/FirstPersonCharacter.uasset" 437
"../../../LGTM_0101/Content/LIF/Actors/pistol_bp.uasset" 438
"../../../LGTM_0101/Content/LIF/Actors/switch_bp.uasset" 439
"../../../LGTM_0101/Content/LIF/Animation/Idle_with_skeleton_Anim.uasset" 440
"../../../LGTM_0101/Content/LIF/Animation/secuences/Reloading_rifle_walk.uasset" 441
"../../../LGTM_0101/Content/LIF/Animation/blendspace/walk_reloading.uasset" 442
"../../../LGTM_0101/Content/LIF/Animation/secuences/Pistol_Idle.uasset" 443
"../../../LGTM_0101/Content/LIF/Animation/blendspace/walk_run_pistol.uasset" 444
"../../../LGTM_0101/Content/LIF/Animation/secuences/Backward_Jump.uasset" 445
"../../../LGTM_0101/Content/LIF/Animation/secuences/Chicken_Dance.uasset" 446
"../../../LGTM_0101/Content/LIF/Animation/secuences/Crouched_To_Standing.uasset" 447
"../../../LGTM_0101/Content/LIF/Animation/secuences/Crouching_Idle.uasset" 448
"../../../LGTM_0101/Content/LIF/Animation/secuences/Death_Crouching_Headshot_Front.uasset" 449
"../../../LGTM_0101/Content/LIF/Animation/secuences/Death_From_Front_Headshot.uasset" 450
"../../../LGTM_0101/Content/LIF/Animation/secuences/Death_From_Left.uasset" 451
"../../../LGTM_0101/Content/LIF/Animation/secuences/Death_From_Right.uasset" 452
"../../../LGTM_0101/Content/LIF/Animation/secuences/Dying_Backwards.uasset" 453
"../../../LGTM_0101/Content/LIF/Animation/secuences/Gunplay.uasset" 454
"../../../LGTM_0101/Content/LIF/Animation/secuences/Gunplay_hand.uasset" 455
"../../../LGTM_0101/Content/LIF/Animation/secuences/Idle.uasset" 456
"../../../LGTM_0101/Content/LIF/Animation/secuences/idle_bored.uasset" 457
"../../../LGTM_0101/Content/LIF/Animation/secuences/shooting_pistol.uasset" 458
"../../../LGTM_0101/Content/LIF/Animation/secuences/Silly_Dancing.uasset" 459
"../../../LGTM_0101/Content/LIF/Animation/secuences/Silly_Dancing__1_.uasset" 460
"../../../LGTM_0101/Content/LIF/Animation/secuences/Sprinting_Forward_Roll.uasset" 461
"../../../LGTM_0101/Content/LIF/Animation/secuences/Standing_React_Death_Left.uasset" 462
"../../../LGTM_0101/Content/LIF/Animation/secuences/Standing_To_Crouched.uasset" 463
"../../../LGTM_0101/Content/LIF/Animation/secuences/Walking_01.uasset" 464
"../../../LGTM_0101/Content/LIF/Animation/secuences/Walking_women.uasset" 465
"../../../LGTM_0101/Content/LIF/Audio/birds_cue.uasset" 466
"../../../LGTM_0101/Content/LIF/Audio/sfx_01_aud.uasset" 467
"../../../LGTM_0101/Content/LIF/Audio/sfx_02_cue.uasset" 468
"../../../LGTM_0101/Content/Geometry/Meshes/1M_Cube.uasset" 469
"../../../LGTM_0101/Content/LIF/ecProjectiles/launcher_projectile.uasset" 470
"../../../LGTM_0101/Content/LIF/ecProjectiles/sniper_projectile.uasset" 471
"../../../Engine/Content/Functions/Engine_MaterialFunctions01/Density/ExponentialDensity.uasset" 472
"../../../Engine/Content/Functions/Engine_MaterialFunctions01/Gradient/RadialGradientExponential.uasset" 473
"../../../LGTM_0101/Content/LIF/Particles/recover/recoverMaterial.uasset" 474
"../../../LGTM_0101/Content/LIF/Particles/recover/recoverParticle.uasset" 475
"../../../LGTM_0101/Content/LIF/Texture/wood_tex.uasset" 476
"../../../LGTM_0101/Content/LIF/Materials/wood_mat.uasset" 477
"../../../LGTM_0101/Content/LIF/StaticMesh/Arboles/Arbol_02_T2.uasset" 478
"../../../LGTM_0101/Content/LIF/StaticMesh/Arboles/Grass/Blade01_B.uasset" 479
"../../../LGTM_0101/Content/LIF/StaticMesh/Arboles/Grass/Blade_0.uasset" 480
"../../../LGTM_0101/Content/LIF/StaticMesh/Arboles/Grass/GrassBlade_01.uasset" 481
"../../../LGTM_0101/Content/LIF/StaticMesh/Arboles/Grass/Blade_01.uasset" 482
"../../../LGTM_0101/Content/LIF/StaticMesh/Arboles/Grass/GrassBlade_02.uasset" 483
"../../../LGTM_0101/Content/LIF/StaticMesh/Arboles/Grass/Blade_02.uasset" 484
"../../../LGTM_0101/Content/LIF/StaticMesh/Arboles/Grass/GrassBlade_03.uasset" 485
"../../../LGTM_0101/Content/LIF/StaticMesh/Arboles/Grass/Blade_04.uasset" 486
"../../../LGTM_0101/Content/LIF/StaticMesh/Arboles/Grass/GrassBlade_05.uasset" 487
"../../../LGTM_0101/Content/LIF/StaticMesh/Cabins/Cabin_03/Cabin_Fbx_03.uasset" 488
"../../../LGTM_0101/Content/LIF/StaticMesh/Cabins/Cabin_03/lambert9.uasset" 489
"../../../LGTM_0101/Content/LIF/StaticMesh/ecCab/ecCab_02/ecCab_02_tex_01_SPE_512.uasset" 490
"../../../LGTM_0101/Content/LIF/StaticMesh/ecCab/ecCab_03/ecCab_03_SPE.uasset" 491
"../../../LGTM_0101/Content/LIF/StaticMesh/InteriorCabania/Free_texture_wood.uasset" 492
"../../../LGTM_0101/Content/LIF/StaticMesh/InteriorCabania/madera.uasset" 493
"../../../LGTM_0101/Content/LIF/StaticMesh/InteriorCabania/Armario_puerta.uasset" 494
"../../../LGTM_0101/Content/LIF/StaticMesh/InteriorCabania/Hojas_de_libro.uasset" 495
"../../../LGTM_0101/Content/LIF/StaticMesh/InteriorCabania/Hoja/hoja_mat.uasset" 496
"../../../LGTM_0101/Content/LIF/StaticMesh/Weapons/shotgun/Dark-Metal-Grid-.uasset" 497
"../../../LGTM_0101/Content/LIF/StaticMesh/Weapons/shotgun/metal.uasset" 498
"../../../LGTM_0101/Content/LIF/Texture/Ground3_TEX.uasset" 499
"../../../LGTM_0101/Content/LIF/Texture/icon_attribution_01.uasset" 500
"../../../Engine/Content/EditorBlueprintResources/StandardMacros.uasset" 501
"../../../Engine/Content/EngineSky/C_Sky_Cloud_Color.uasset" 502
"../../../Engine/Content/EngineSky/C_Sky_Horizon_Color.uasset" 503
"../../../Engine/Content/EngineSky/C_Sky_Zenith_Color.uasset" 504
"../../../Engine/Content/EngineSky/T_Sky_Blue.uasset" 505
"../../../Engine/Content/EngineSky/T_Sky_Clouds_M.uasset" 506
"../../../Engine/Content/EngineSky/T_Sky_Stars.uasset" 507
"../../../Engine/Content/EngineSky/M_Sky_Panning_Clouds2.uasset" 508
"../../../Engine/Content/EngineSky/SM_SkySphere.uasset" 509
"../../../Engine/Content/EngineSky/BP_Sky_Sphere.uasset" 510
"../../../LGTM_0101/Content/FirstPerson/Textures/FirstPersonCrosshair.uasset" 511
"../../../LGTM_0101/Content/FirstPersonBP/Blueprints/FirstPersonHUD.uasset" 512
"../../../LGTM_0101/Content/FirstPersonBP/Blueprints/FirstPersonGameMode.uasset" 513
"../../../LGTM_0101/Content/LIF/Enums/ecObjectEnum.uasset" 514
"../../../LGTM_0101/Content/LIF/Actors/ecObject.uasset" 515
"../../../Engine/Content/Functions/Engine_MaterialFunctions03/Procedurals/ComputeFilterWidth.uasset" 516
"../../../Engine/Content/EngineMaterials/AntiAliasedTextMaterialTranslucent.uasset" 517
"../../../LGTM_0101/Content/FirstPerson/Meshes/CubeMaterialOverride.uasset" 518
"../../../LGTM_0101/Content/FirstPersonBP/Maps/FirstPersonExampleMap.umap" 519
"../../../LGTM_0101/Content/LIF/Actors/ecTeleport.uasset" 520
"../../../Engine/Content/BasicShapes/BasicShapeMaterial.uasset" 521
"../../../Engine/Content/BasicShapes/Cube.uasset" 522
"../../../Engine/Content/MapTemplates/SM_Template_Map_Floor.uasset" 523
"../../../LGTM_0101/Content/LIF/Terrain/example.umap" 524
"../../../LGTM_0101/Content/LIF/Actors/ecWater.uasset" 525
"../../../LGTM_0101/Content/LIF/Terrain/Terrain_sharedassets/Grass_2_LayerInfo.uasset" 526
"../../../LGTM_0101/Content/LIF/Terrain/Terrain_sharedassets/Grass_LayerInfo.uasset" 527
"../../../LGTM_0101/Content/LIF/Terrain/Terrain_sharedassets/Ground_1_LayerInfo.uasset" 528
"../../../LGTM_0101/Content/LIF/Terrain/Terrain_sharedassets/Ground_2_LayerInfo.uasset" 529
"../../../LGTM_0101/Content/LIF/Image/Cuadros/cuadro_04.uasset" 530
"../../../LGTM_0101/Content/LIF/Materials/cuadro_04_Mat.uasset" 531
"../../../LGTM_0101/Content/LIF/Image/Cuadros/cuadro_05.uasset" 532
"../../../LGTM_0101/Content/LIF/Materials/cuadro_05_Mat.uasset" 533
"../../../LGTM_0101/Content/LIF/Texture/Grass2_NOR.uasset" 534
"../../../LGTM_0101/Content/LIF/Texture/Grass2_TEX.uasset" 535
"../../../LGTM_0101/Content/LIF/Texture/Grass_01_AOC.uasset" 536
"../../../LGTM_0101/Content/LIF/Texture/Grass_01_DIS.uasset" 537
"../../../LGTM_0101/Content/LIF/Texture/Grass_01_SPE.uasset" 538
"../../../LGTM_0101/Content/LIF/Texture/Ground_01_AOC.uasset" 539
"../../../LGTM_0101/Content/LIF/Texture/Ground_01_DIS.uasset" 540
"../../../LGTM_0101/Content/LIF/Texture/Ground_01_NOR.uasset" 541
"../../../LGTM_0101/Content/LIF/Texture/Ground_01_SPE.uasset" 542
"../../../LGTM_0101/Content/LIF/Texture/Ground_01_TEX.uasset" 543
"../../../LGTM_0101/Content/LIF/Texture/PlayGround_01_AOC.uasset" 544
"../../../LGTM_0101/Content/LIF/Texture/PlayGround_01_DIS.uasset" 545
"../../../LGTM_0101/Content/LIF/Texture/PlayGround_01_NOR.uasset" 546
"../../../LGTM_0101/Content/LIF/Texture/PlayGround_01_SPE.uasset" 547
"../../../LGTM_0101/Content/LIF/Texture/PlayGround_01_TEX.uasset" 548
"../../../LGTM_0101/Content/LIF/Materials/forest_mat.uasset" 549
"../../../LGTM_0101/Content/LIF/Image/StartMenu/LIF.uasset" 550
"../../../LGTM_0101/Content/LIF/Materials/LIF_01_mat.uasset" 551
"../../../LGTM_0101/Content/LIF/Image/StartMenu/Start.uasset" 552
"../../../LGTM_0101/Content/LIF/Materials/LIF_02_mat.uasset" 553
"../../../LGTM_0101/Content/LIF/Materials/MultiDeath_Mat.uasset" 554
"../../../LGTM_0101/Content/LIF/Texture/Water_NOR.uasset" 555
"../../../LGTM_0101/Content/LIF/Materials/water_mat.uasset" 556
"../../../LGTM_0101/Content/LIF/StaticMesh/InteriorCabania/Blue.uasset" 557
"../../../LGTM_0101/Content/LIF/StaticMesh/InteriorCabania/Botiquin/Botiquin_cerradura.uasset" 558
"../../../LGTM_0101/Content/LIF/StaticMesh/InteriorCabania/Botiquin/Botiquin_cruz.uasset" 559
"../../../LGTM_0101/Content/LIF/StaticMesh/InteriorCabania/Whitesmoke.uasset" 560
"../../../Engine/Content/EngineMaterials/DefaultPhysicalMaterial.uasset" 561
"../../../LGTM_0101/Content/LIF/Audio/Achaidh_Cheide_Cue.uasset" 562
"../../../LGTM_0101/Content/LIF/Particles/bees/beeMaterial.uasset" 563
"../../../LGTM_0101/Content/LIF/Particles/bees/beeParticle.uasset" 564
"../../../LGTM_0101/Content/LIF/Particles/leaves/leaf2.uasset" 565
"../../../LGTM_0101/Content/LIF/Particles/leaves/leaf.uasset" 566
"../../../LGTM_0101/Content/LIF/Particles/leaves/leave.uasset" 567
"../../../LGTM_0101/Content/LIF/Particles/leaves/leavelsMaterial.uasset" 568
"../../../LGTM_0101/Content/LIF/Particles/leaves/shinyTexture.uasset" 569
"../../../LGTM_0101/Content/LIF/Particles/leaves/shinyMaterial.uasset" 570
"../../../LGTM_0101/Content/LIF/Particles/leaves/leavesParticle.uasset" 571
"../../../LGTM_0101/Content/LIF/Particles/rain/rainMaterial.uasset" 572
"../../../LGTM_0101/Content/LIF/Particles/rain/rainParticle.uasset" 573
"../../../LGTM_0101/Content/LIF/StaticMesh/Arboles/Arbol_01/Arbol_01_T4_mat.uasset" 574
"../../../LGTM_0101/Content/LIF/StaticMesh/Arboles/Arbol_01/Arbol_01_T3_mat.uasset" 575
"../../../LGTM_0101/Content/LIF/StaticMesh/Arboles/Arbol_01/Arbol_01_T2.uasset" 576
"../../../LGTM_0101/Content/LIF/StaticMesh/Arboles/Arbol_06_T2.uasset" 577
"../../../LGTM_0101/Content/LIF/StaticMesh/Arboles/Arbol_08_T2.uasset" 578
"../../../LGTM_0101/Content/LIF/StaticMesh/Arboles/Arbol_09_T2.uasset" 579
"../../../LGTM_0101/Content/LIF/StaticMesh/Arboles/Grass/Blade_03.uasset" 580
"../../../LGTM_0101/Content/LIF/StaticMesh/Arboles/Grass/GrassBlade_04.uasset" 581
"../../../LGTM_0101/Content/LIF/StaticMesh/Arboles/Grass/Grass_MWVizwork.uasset" 582
"../../../LGTM_0101/Content/LIF/StaticMesh/Cabins/Cabin_01/Cabin_Fbx_01.uasset" 583
"../../../LGTM_0101/Content/LIF/StaticMesh/ecCab/ecCab_01/ecCab_01_cuerpo_tex.uasset" 584
"../../../LGTM_0101/Content/LIF/StaticMesh/ecCab/ecCab_01/cab_cuerpo_01_mat1.uasset" 585
"../../../LGTM_0101/Content/LIF/StaticMesh/ecCab/ecCab_01/ecCab_01_cuerpo_02_tex.uasset" 586
"../../../LGTM_0101/Content/LIF/StaticMesh/ecCab/ecCab_01/cab_cuerpo_02_mat.uasset" 587
"../../../LGTM_0101/Content/LIF/StaticMesh/ecCab/ecCab_01/ecCab_01_techo_tex.uasset" 588
"../../../LGTM_0101/Content/LIF/StaticMesh/ecCab/ecCab_01/cab_techo_mat.uasset" 589
"../../../LGTM_0101/Content/LIF/StaticMesh/ecCab/ecCab_01/ecCab_01.uasset" 590
"../../../LGTM_0101/Content/LIF/StaticMesh/InteriorCabania/piso_madera_02_tex.uasset" 591
"../../../LGTM_0101/Content/LIF/StaticMesh/InteriorCabania/piso_madera_02_mat.uasset" 592
"../../../LGTM_0101/Content/LIF/StaticMesh/InteriorCabania/Armario.uasset" 593
"../../../LGTM_0101/Content/LIF/StaticMesh/InteriorCabania/Botiquin/Botiquin.uasset" 594
"../../../LGTM_0101/Content/LIF/StaticMesh/InteriorCabania/Cama.uasset" 595
"../../../LGTM_0101/Content/LIF/StaticMesh/InteriorCabania/techo_madera_tex.uasset" 596
"../../../LGTM_0101/Content/LIF/StaticMesh/InteriorCabania/CuadroPared/cuadro_imagen_mat.uasset" 597
"../../../LGTM_0101/Content/LIF/StaticMesh/InteriorCabania/CuadroPared/cuadro_marco_mat.uasset" 598
"../../../LGTM_0101/Content/LIF/StaticMesh/InteriorCabania/CuadroPared/cuadro_sm.uasset" 599
"../../../LGTM_0101/Content/LIF/StaticMesh/InteriorCabania/Transparencia.uasset" 600
"../../../LGTM_0101/Content/LIF/StaticMesh/InteriorCabania/Transparente_mat.uasset" 601
"../../../LGTM_0101/Content/LIF/StaticMesh/InteriorCabania/Foco.uasset" 602
"../../../LGTM_0101/Content/LIF/StaticMesh/InteriorCabania/Lampara.uasset" 603
"../../../LGTM_0101/Content/LIF/StaticMesh/InteriorCabania/Libro/Libro.uasset" 604
"../../../LGTM_0101/Content/LIF/StaticMesh/InteriorCabania/Mesa.uasset" 605
"../../../LGTM_0101/Content/LIF/StaticMesh/InteriorCabania/MesaNoche.uasset" 606
"../../../LGTM_0101/Content/LIF/StaticMesh/InteriorCabania/Puerta_armario_izq.uasset" 607
"../../../LGTM_0101/Content/LIF/StaticMesh/InteriorCabania/Venda_1.uasset" 608
"../../../LGTM_0101/Content/LIF/Terrain/Terrain.umap" 609
"../../../LGTM_0101/Content/LIF/Enums/ecMaps.uasset" 610
"../../../LGTM_0101/Content/LIF/Enums/ecMultiplayerPlayerType.uasset" 611
"../../../LGTM_0101/Content/LIF/Widgets/StartMenu/StartMenu.uasset" 612
"../../../LGTM_0101/Content/LIF/Widgets/StartMenu/Menu1712.umap" 613
"../../../LGTM_0101/Content/LIF/Widgets/WinLose/WinLose_01.uasset" 614
"../../../LGTM_0101/Content/LIF/Widgets/WinLose/WinLose.umap" 615
"../../../Engine/Content/EngineMaterials/DefaultNormal.uasset" 616
"../../../Engine/Content/Maps/Entry.umap" 617
